ffprobe started on 2014-11-29 at 15:42:21
Report written to "ffprobe-20141129-154221.log"
Command line:
ffprobe mykitchenlarge.JPG -report
ffprobe version 2.4.2 Copyright (c) 2007-2014 the FFmpeg developers
  built on Oct 19 2014 18:21:50 with Apple LLVM version 5.1 (clang-503.0.40) (based on LLVM 3.4svn)
  configuration: --prefix=/usr/local/Cellar/ffmpeg/2.4.2 --enable-shared --enable-pthreads --enable-gpl --enable-version3 --enable-nonfree --enable-hardcoded-tables --enable-avresample --enable-vda --cc=clang --host-cflags= --host-ldflags= --enable-libx264 --enable-libfaac --enable-libmp3lame --enable-libxvid
  libavutil      54.  7.100 / 54.  7.100
  libavcodec     56.  1.100 / 56.  1.100
  libavformat    56.  4.101 / 56.  4.101
  libavdevice    56.  0.100 / 56.  0.100
  libavfilter     5.  1.100 /  5.  1.100
  libavresample   2.  1.  0 /  2.  1.  0
  libswscale      3.  0.100 /  3.  0.100
  libswresample   1.  1.100 /  1.  1.100
  libpostproc    53.  0.100 / 53.  0.100
[image2 @ 0x7fa90101b800] Format image2 probed with size=2048 and score=50
[image2 @ 0x7fa90101b800] Before avformat_find_stream_info() pos: 0 bytes read:32768 seeks:0
[AVIOContext @ 0x7fa900c13ae0] Statistics: 1666062 bytes read, 0 seeks
[mjpeg @ 0x7fa90102c800] marker=d8 avail_size_in_buf=1666060
[mjpeg @ 0x7fa90102c800] marker parser used 0 bytes (0 bits)
[mjpeg @ 0x7fa90102c800] marker=e0 avail_size_in_buf=1666058
[mjpeg @ 0x7fa90102c800] marker parser used 16 bytes (128 bits)
[mjpeg @ 0x7fa90102c800] marker=e2 avail_size_in_buf=1666040
[mjpeg @ 0x7fa90102c800] marker parser used 3159 bytes (25272 bits)
[mjpeg @ 0x7fa90102c800] marker=e1 avail_size_in_buf=1662878
[mjpeg @ 0x7fa90102c800] marker parser used 615 bytes (4920 bits)
[mjpeg @ 0x7fa90102c800] marker=e1 avail_size_in_buf=1662260
[mjpeg @ 0x7fa90102c800] marker parser used 678 bytes (5424 bits)
[mjpeg @ 0x7fa90102c800] marker=db avail_size_in_buf=1661579
[mjpeg @ 0x7fa90102c800] index=0
[mjpeg @ 0x7fa90102c800] qscale[0]: 1
[mjpeg @ 0x7fa90102c800] marker parser used 67 bytes (536 bits)
[mjpeg @ 0x7fa90102c800] marker=db avail_size_in_buf=1661510
[mjpeg @ 0x7fa90102c800] index=1
[mjpeg @ 0x7fa90102c800] qscale[1]: 2
[mjpeg @ 0x7fa90102c800] marker parser used 67 bytes (536 bits)
[mjpeg @ 0x7fa90102c800] marker=c0 avail_size_in_buf=1661441
[mjpeg @ 0x7fa90102c800] sof0: picture: 3264x2448
[mjpeg @ 0x7fa90102c800] component 0 2:2 id: 0 quant:0
[mjpeg @ 0x7fa90102c800] component 1 1:1 id: 1 quant:1
[mjpeg @ 0x7fa90102c800] component 2 1:1 id: 2 quant:1
[mjpeg @ 0x7fa90102c800] pix fmt id 22111100
[mjpeg @ 0x7fa90102c800] marker parser used 17 bytes (136 bits)
[mjpeg @ 0x7fa90102c800] marker=c4 avail_size_in_buf=1661422
[mjpeg @ 0x7fa90102c800] class=0 index=0 nb_codes=12
[mjpeg @ 0x7fa90102c800] marker parser used 31 bytes (248 bits)
[mjpeg @ 0x7fa90102c800] marker=c4 avail_size_in_buf=1661389
[mjpeg @ 0x7fa90102c800] class=1 index=0 nb_codes=251
[mjpeg @ 0x7fa90102c800] marker parser used 181 bytes (1448 bits)
[mjpeg @ 0x7fa90102c800] marker=c4 avail_size_in_buf=1661206
[mjpeg @ 0x7fa90102c800] class=0 index=1 nb_codes=12
[mjpeg @ 0x7fa90102c800] marker parser used 31 bytes (248 bits)
[mjpeg @ 0x7fa90102c800] marker=c4 avail_size_in_buf=1661173
[mjpeg @ 0x7fa90102c800] class=1 index=1 nb_codes=251
[mjpeg @ 0x7fa90102c800] marker parser used 181 bytes (1448 bits)
[mjpeg @ 0x7fa90102c800] escaping removed 5575 bytes
[mjpeg @ 0x7fa90102c800] marker=da avail_size_in_buf=1660990
[mjpeg @ 0x7fa90102c800] component: 0
[mjpeg @ 0x7fa90102c800] component: 1
[mjpeg @ 0x7fa90102c800] component: 2
[mjpeg @ 0x7fa90102c800] marker parser used 1655414 bytes (13243305 bits)
[mjpeg @ 0x7fa90102c800] marker=d9 avail_size_in_buf=0
[mjpeg @ 0x7fa90102c800] decode frame unused 0 bytes
[image2 @ 0x7fa90101b800] After avformat_find_stream_info() pos: 0 bytes read:32768 seeks:0 frames:1
Input #0, image2, from 'mykitchenlarge.JPG':
  Duration: 00:00:00.04, start: 0.000000, bitrate: 333212 kb/s
    Stream #0:0, 1, 1/25: Video: mjpeg, yuvj420p(pc, bt470bg), 3264x2448 [SAR 72:72 DAR 4:3], 25 tbr, 25 tbn, 25 tbc
[AVIOContext @ 0x7fa900c12d20] Statistics: 32768 bytes read, 0 seeks
